# JRE version: Java(TM) SE Runtime Environment (9.0+11) (build 9.0.1+11)
# Java VM: Java HotSpot(TM) 64-Bit Server VM (9.0.1+11, mixed mode, tiered, compressed oops, g1 gc, linux-amd64)
Heap:
 garbage-first heap   total 1048576K, used 29716K [0x0000000083800000, 0x0000000083902000, 0x0000000100000000)
  region size 1024K, 3 young (3072K), 3 survivors (3072K)
 Metaspace       used 37230K, capacity 38364K, committed 38476K, reserved 1083392K
  class space    used 4190K, capacity 4400K, committed 4428K, reserved 1048576K
GC Heap History (10 events):
Event: 12.977 GC heap after
{Heap after GC invocations=7 (full 0):
 garbage-first heap   total 387072K, used 15648K [0x0000000083800000, 0x0000000083900bd0, 0x0000000100000000)
  region size 1024K, 3 young (3072K), 3 survivors (3072K)
 Metaspace       used 18550K, capacity 19154K, committed 19328K, reserved 1067008K
  class space    used 2001K, capacity 2142K, committed 2176K, reserved 1048576K
}
Event: 13.480 GC heap before
{Heap before GC invocations=7 (full 0):
 garbage-first heap   total 387072K, used 26912K [0x0000000083800000, 0x0000000083900bd0, 0x0000000100000000)
  region size 1024K, 15 young (15360K), 3 survivors (3072K)
 Metaspace       used 20496K, capacity 21140K, committed 21296K, reserved 1069056K
  class space    used 2213K, capacity 2349K, committed 2432K, reserved 1048576K
}
Event: 13.495 GC heap after
{Heap after GC invocations=8 (full 0):
 garbage-first heap   total 387072K, used 14763K [0x0000000083800000, 0x0000000083900bd0, 0x0000000100000000)
  region size 1024K, 2 young (2048K), 2 survivors (2048K)
 Metaspace       used 20496K, capacity 21140K, committed 21296K, reserved 1069056K
  class space    used 2213K, capacity 2349K, committed 2432K, reserved 1048576K
}
Event: 16.588 GC heap before
{Heap before GC invocations=9 (full 0):
 garbage-first heap   total 387072K, used 47531K [0x0000000083800000, 0x0000000083900bd0, 0x0000000100000000)
  region size 1024K, 34 young (34816K), 2 survivors (2048K)
 Metaspace       used 23093K, capacity 24066K, committed 24192K, reserved 1071104K
  class space    used 2507K, capacity 2679K, committed 2688K, reserved 1048576K
}
Event: 16.633 GC heap after
{Heap after GC invocations=10 (full 0):
 garbage-first heap   total 387072K, used 16727K [0x0000000083800000, 0x0000000083900bd0, 0x0000000100000000)
  region size 1024K, 4 young (4096K), 4 survivors (4096K)
 Metaspace       used 23093K, capacity 24066K, committed 24192K, reserved 1071104K
  class space    used 2507K, capacity 2679K, committed 2688K, reserved 1048576K
}
Event: 25.728 GC heap before
{Heap before GC invocations=10 (full 0):
 garbage-first heap   total 387072K, used 188759K [0x0000000083800000, 0x0000000083900bd0, 0x0000000100000000)
  region size 1024K, 173 young (177152K), 4 survivors (4096K)
 Metaspace       used 34892K, capacity 35866K, committed 35920K, reserved 1081344K
  class space    used 3901K, capacity 4089K, committed 4096K, reserved 1048576K
}
Event: 27.694 GC heap after
{Heap after GC invocations=11 (full 0):
 garbage-first heap   total 387072K, used 31216K [0x0000000083800000, 0x0000000083900bd0, 0x0000000100000000)
  region size 1024K, 18 young (18432K), 18 survivors (18432K)
 Metaspace       used 34892K, capacity 35866K, committed 35920K, reserved 1081344K
  class space    used 3901K, capacity 4089K, committed 4096K, reserved 1048576K
}
Event: 27.711 GC heap before
{Heap before GC invocations=11 (full 0):
 garbage-first heap   total 387072K, used 32240K [0x0000000083800000, 0x0000000083900bd0, 0x0000000100000000)
  region size 1024K, 19 young (19456K), 18 survivors (18432K)
 Metaspace       used 34945K, capacity 35930K, committed 36176K, reserved 1081344K
  class space    used 3910K, capacity 4089K, committed 4096K, reserved 1048576K
}
Event: 28.346 GC heap after
{Heap after GC invocations=12 (full 0):
 garbage-first heap   total 387072K, used 28356K [0x0000000083800000, 0x0000000083900bd0, 0x0000000100000000)
  region size 1024K, 1 young (1024K), 1 survivors (1024K)
 Metaspace       used 34945K, capacity 35930K, committed 36176K, reserved 1081344K
  class space    used 3910K, capacity 4089K, committed 4096K, reserved 1048576K
}
Event: 29.465 GC heap before
{Heap before GC invocations=13 (full 0):
 garbage-first heap   total 387072K, used 45764K [0x0000000083800000, 0x0000000083900bd0, 0x0000000100000000)
  region size 1024K, 18 young (18432K), 1 survivors (1024K)
 Metaspace       used 37230K, capacity 38364K, committed 38476K, reserved 1083392K
  class space    used 4190K, capacity 4400K, committed 4428K, reserved 1048576K
}

